<?xml version="1.0" encoding="UTF-8"?>
<testsuite name="com.sky.guicekata.com.sky.guicekata.client.KataClientTest" tests="1" skipped="0" failures="0" errors="0" timestamp="2019-08-17T19:42:42" hostname="steve-N8xxEZ" time="0.244">
  <properties/>
  <testcase name="doSomethingWithDataSendsMessageToRecipient()" classname="com.sky.guicekata.com.sky.guicekata.client.KataClientTest" time="0.244"/>
  <system-out><![CDATA[]]></system-out>
  <system-err><![CDATA[]]></system-err>
</testsuite>
